
/home/runner/work/exp-image-correlation-iitg/exp-image-correlation-iitg/experiment/simulation/js/main.js
   54:9   warning  'cv' is not defined  no-undef
   55:14  warning  'cv' is not defined  no-undef
   56:1   warning  'cv' is not defined  no-undef
   56:22  warning  'cv' is not defined  no-undef
   84:19  warning  'cv' is not defined  no-undef
   89:19  warning  'cv' is not defined  no-undef
   90:1   warning  'cv' is not defined  no-undef
   90:49  warning  'cv' is not defined  no-undef
   99:16  warning  'cv' is not defined  no-undef
  100:1   warning  'cv' is not defined  no-undef
  100:33  warning  'cv' is not defined  no-undef
  101:1   warning  'cv' is not defined  no-undef
  109:16  warning  'cv' is not defined  no-undef
  112:1   warning  'cv' is not defined  no-undef
  113:12  warning  'cv' is not defined  no-undef
  139:17  warning  'cv' is not defined  no-undef
  140:1   warning  'cv' is not defined  no-undef
  140:30  warning  'cv' is not defined  no-undef
  142:15  warning  'cv' is not defined  no-undef
  143:15  warning  'cv' is not defined  no-undef
  148:1   warning  'cv' is not defined  no-undef
  148:37  warning  'cv' is not defined  no-undef
  149:1   warning  'cv' is not defined  no-undef
  152:20  warning  'cv' is not defined  no-undef
  153:1   warning  'cv' is not defined  no-undef
  153:38  warning  'cv' is not defined  no-undef
  154:33  warning  'cv' is not defined  no-undef
  156:14  warning  'cv' is not defined  no-undef
  157:1   warning  'cv' is not defined  no-undef
  157:34  warning  'cv' is not defined  no-undef
  158:1   warning  'cv' is not defined  no-undef

✖ 31 problems (0 errors, 31 warnings)

